[2025-08-09 10:15:32] INFO    System initialized successfully
[2025-08-09 10:15:35] WARNING Low disk space on /dev/sda1
[2025-08-09 10:15:40] ERROR   Failed to open configuration file: config.yaml
[2025-08-09 10:16:01] INFO    Attempting to reconnect to database
[2025-08-09 10:16:05] ERROR   Database connection timed out
[2025-08-09 10:16:10] INFO    Reconnection successful
[2025-08-09 10:16:15] WARNING High memory usage detected
[2025-08-09 10:15:32] INFO    System initialized successfully
[2025-08-09 10:15:35] WARNING Low disk space on /dev/sda1
[2025-08-09 10:15:40] ERROR   Failed to open configuration file: config.yaml
[2025-08-09 10:16:01] INFO    Attempting to reconnect to database
[2025-08-09 10:16:05] ERROR   Database connection timed out
[2025-08-09 10:16:10] INFO    Reconnection successful
[2025-08-09 10:16:15] WARNING High memory usage detected
[2025-08-09 10:15:32] INFO    System initialized successfully
[2025-08-09 10:15:35] WARNING Low disk space on /dev/sda1
[2025-08-09 10:15:40] ERROR   Failed to open configuration file: config.yaml
[2025-08-09 10:16:01] INFO    Attempting to reconnect to database
[2025-08-09 10:16:05] ERROR   Database connection timed out
[2025-08-09 10:16:10] INFO    Reconnection successful
[2025-08-09 10:16:15] WARNING High memory usage detected
[2025-08-09 10:15:32] INFO    System initialized successfully
[2025-08-09 10:15:35] WARNING Low disk space on /dev/sda1
[2025-08-09 10:15:40] ERROR   Failed to open configuration file: config.yaml
[2025-08-09 10:16:01] INFO    Attempting to reconnect to database
[2025-08-09 10:16:05] ERROR   Database connection timed out
[2025-08-09 10:16:10] INFO    Reconnection successful
[2025-08-09 10:16:15] WARNING High memory usage detected
[2025-08-09 10:15:32] INFO    System initialized successfully
[2025-08-09 10:15:35] WARNING Low disk space on /dev/sda1
[2025-08-09 10:15:40] ERROR   Failed to open configuration file: config.yaml
[2025-08-09 10:16:01] INFO    Attempting to reconnect to database
[2025-08-09 10:16:05] ERROR   Database connection timed out
[2025-08-09 10:16:10] INFO    Reconnection successful
[2025-08-09 10:16:15] WARNING High memory usage detected
